<?xml version="1.0" encoding="UTF-8"?>
<testng-results ignored="0" total="3" passed="3" failed="0" skipped="0">
  <reporter-output>
  </reporter-output>
  <suite started-at="2020-10-20T20:22:50Z" name="Chrome Desktop, Tablet and Mobile Emulator" finished-at="2020-10-20T20:23:12Z" duration-ms="22034">
    <groups>
      <group name="tablet">
        <method signature="HomepageTests.tabletTest()[pri:0, instance:discoverireland.HomepageTests@5ec20778]" name="tabletTest" class="discoverireland.HomepageTests"/>
      </group> <!-- tablet -->
      <group name="desktop">
        <method signature="HomepageTests.desktopTest()[pri:0, instance:discoverireland.HomepageTests@5ec20778]" name="desktopTest" class="discoverireland.HomepageTests"/>
      </group> <!-- desktop -->
      <group name="mobile">
        <method signature="HomepageTests.mobileTest()[pri:0, instance:discoverireland.HomepageTests@5ec20778]" name="mobileTest" class="discoverireland.HomepageTests"/>
      </group> <!-- mobile -->
    </groups>
    <test started-at="2020-10-20T20:22:50Z" name="Sample Test Name" finished-at="2020-10-20T20:23:12Z" duration-ms="22034">
      <class name="discoverireland.HomepageTests">
        <test-method is-config="true" signature="setUpEnvBeforeTest(java.lang.String, java.lang.reflect.Method)[pri:0, instance:discoverireland.HomepageTests@5ec20778]" started-at="2020-10-20T20:22:50Z" name="setUpEnvBeforeTest" finished-at="2020-10-20T20:23:02Z" duration-ms="12595" status="PASS">
          <params>
            <param index="0">
              <value>
                <![CDATA[chrome]]>
              </value>
            </param>
            <param index="1">
              <value>
                <![CDATA[public void discoverireland.HomepageTests.desktopTest()]]>
              </value>
            </param>
          </params>
          <reporter-output>
          </reporter-output>
        </test-method> <!-- setUpEnvBeforeTest -->
        <test-method is-config="true" signature="setUpEnvBeforeTest()[pri:0, instance:discoverireland.HomepageTests@5ec20778]" started-at="2020-10-20T20:23:02Z" name="setUpEnvBeforeTest" finished-at="2020-10-20T20:23:04Z" duration-ms="1883" status="PASS">
          <reporter-output>
          </reporter-output>
        </test-method> <!-- setUpEnvBeforeTest -->
        <test-method signature="desktopTest()[pri:0, instance:discoverireland.HomepageTests@5ec20778]" started-at="2020-10-20T20:23:04Z" name="desktopTest" description="sample test - desktop" finished-at="2020-10-20T20:23:05Z" duration-ms="186" status="PASS">
          <reporter-output>
          </reporter-output>
        </test-method> <!-- desktopTest -->
        <test-method is-config="true" signature="cleanEnvAfterTest(org.testng.ITestResult)[pri:0, instance:discoverireland.HomepageTests@5ec20778]" started-at="2020-10-20T20:23:05Z" name="cleanEnvAfterTest" finished-at="2020-10-20T20:23:05Z" duration-ms="254" status="PASS">
          <params>
            <param index="0">
              <value>
                <![CDATA[[TestResult name=desktopTest status=SUCCESS method=HomepageTests.desktopTest()[pri:0, instance:discoverireland.HomepageTests@5ec20778] output={null}]]]>
              </value>
            </param>
          </params>
          <reporter-output>
          </reporter-output>
        </test-method> <!-- cleanEnvAfterTest -->
        <test-method is-config="true" signature="setUpEnvBeforeTest(java.lang.String, java.lang.reflect.Method)[pri:0, instance:discoverireland.HomepageTests@5ec20778]" started-at="2020-10-20T20:23:05Z" name="setUpEnvBeforeTest" finished-at="2020-10-20T20:23:08Z" duration-ms="3148" status="PASS">
          <params>
            <param index="0">
              <value>
                <![CDATA[chrome]]>
              </value>
            </param>
            <param index="1">
              <value>
                <![CDATA[public void discoverireland.HomepageTests.mobileTest()]]>
              </value>
            </param>
          </params>
          <reporter-output>
          </reporter-output>
        </test-method> <!-- setUpEnvBeforeTest -->
        <test-method is-config="true" signature="setUpEnvBeforeTest()[pri:0, instance:discoverireland.HomepageTests@5ec20778]" started-at="2020-10-20T20:23:08Z" name="setUpEnvBeforeTest" finished-at="2020-10-20T20:23:09Z" duration-ms="1114" status="PASS">
          <reporter-output>
          </reporter-output>
        </test-method> <!-- setUpEnvBeforeTest -->
        <test-method signature="mobileTest()[pri:0, instance:discoverireland.HomepageTests@5ec20778]" started-at="2020-10-20T20:23:09Z" name="mobileTest" description="sample test - mobile" finished-at="2020-10-20T20:23:09Z" duration-ms="30" status="PASS">
          <reporter-output>
          </reporter-output>
        </test-method> <!-- mobileTest -->
        <test-method is-config="true" signature="cleanEnvAfterTest(org.testng.ITestResult)[pri:0, instance:discoverireland.HomepageTests@5ec20778]" started-at="2020-10-20T20:23:09Z" name="cleanEnvAfterTest" finished-at="2020-10-20T20:23:09Z" duration-ms="126" status="PASS">
          <params>
            <param index="0">
              <value>
                <![CDATA[[TestResult name=mobileTest status=SUCCESS method=HomepageTests.mobileTest()[pri:0, instance:discoverireland.HomepageTests@5ec20778] output={null}]]]>
              </value>
            </param>
          </params>
          <reporter-output>
          </reporter-output>
        </test-method> <!-- cleanEnvAfterTest -->
        <test-method is-config="true" signature="setUpEnvBeforeTest(java.lang.String, java.lang.reflect.Method)[pri:0, instance:discoverireland.HomepageTests@5ec20778]" started-at="2020-10-20T20:23:09Z" name="setUpEnvBeforeTest" finished-at="2020-10-20T20:23:11Z" duration-ms="1451" status="PASS">
          <params>
            <param index="0">
              <value>
                <![CDATA[chrome]]>
              </value>
            </param>
            <param index="1">
              <value>
                <![CDATA[public void discoverireland.HomepageTests.tabletTest()]]>
              </value>
            </param>
          </params>
          <reporter-output>
          </reporter-output>
        </test-method> <!-- setUpEnvBeforeTest -->
        <test-method is-config="true" signature="setUpEnvBeforeTest()[pri:0, instance:discoverireland.HomepageTests@5ec20778]" started-at="2020-10-20T20:23:11Z" name="setUpEnvBeforeTest" finished-at="2020-10-20T20:23:12Z" duration-ms="965" status="PASS">
          <reporter-output>
          </reporter-output>
        </test-method> <!-- setUpEnvBeforeTest -->
        <test-method signature="tabletTest()[pri:0, instance:discoverireland.HomepageTests@5ec20778]" started-at="2020-10-20T20:23:12Z" name="tabletTest" description="sample test - tablet" finished-at="2020-10-20T20:23:12Z" duration-ms="30" status="PASS">
          <reporter-output>
          </reporter-output>
        </test-method> <!-- tabletTest -->
        <test-method is-config="true" signature="cleanEnvAfterTest(org.testng.ITestResult)[pri:0, instance:discoverireland.HomepageTests@5ec20778]" started-at="2020-10-20T20:23:12Z" name="cleanEnvAfterTest" finished-at="2020-10-20T20:23:12Z" duration-ms="229" status="PASS">
          <params>
            <param index="0">
              <value>
                <![CDATA[[TestResult name=tabletTest status=SUCCESS method=HomepageTests.tabletTest()[pri:0, instance:discoverireland.HomepageTests@5ec20778] output={null}]]]>
              </value>
            </param>
          </params>
          <reporter-output>
          </reporter-output>
        </test-method> <!-- cleanEnvAfterTest -->
      </class> <!-- discoverireland.HomepageTests -->
    </test> <!-- Sample Test Name -->
  </suite> <!-- Chrome Desktop, Tablet and Mobile Emulator -->
</testng-results>
